gyp info it worked if it ends with ok
gyp info using node-gyp@9.3.1
gyp info using node@18.16.0 | darwin | x64
gyp info find Python using Python version 3.10.11 found at "/Library/Frameworks/Python.framework/Versions/3.10/bin/python3"
gyp info spawn /Library/Frameworks/Python.framework/Versions/3.10/bin/python3
gyp info spawn args [
gyp info spawn args   '/Users/mehmetsorkulu/.npm-global/lib/node_modules/npm/node_modules/node-gyp/gyp/gyp_main.py',
gyp info spawn args   'binding.gyp',
gyp info spawn args   '-f',
gyp info spawn args   'make',
gyp info spawn args   '-I',
gyp info spawn args   '/Users/mehmetsorkulu/Desktop/BLOCKCHAIN-WEB3/DEVELOPER/Blockchain Wallet/eth_wallet/node_modules/websocket/build/config.gypi',
gyp info spawn args   '-I',
gyp info spawn args   '/Users/mehmetsorkulu/.npm-global/lib/node_modules/npm/node_modules/node-gyp/addon.gypi',
gyp info spawn args   '-I',
gyp info spawn args   '/Users/mehmetsorkulu/Library/Caches/node-gyp/18.16.0/include/node/common.gypi',
gyp info spawn args   '-Dlibrary=shared_library',
gyp info spawn args   '-Dvisibility=default',
gyp info spawn args   '-Dnode_root_dir=/Users/mehmetsorkulu/Library/Caches/node-gyp/18.16.0',
gyp info spawn args   '-Dnode_gyp_dir=/Users/mehmetsorkulu/.npm-global/lib/node_modules/npm/node_modules/node-gyp',
gyp info spawn args   '-Dnode_lib_file=/Users/mehmetsorkulu/Library/Caches/node-gyp/18.16.0/<(target_arch)/node.lib',
gyp info spawn args   '-Dmodule_root_dir=/Users/mehmetsorkulu/Desktop/BLOCKCHAIN-WEB3/DEVELOPER/Blockchain Wallet/eth_wallet/node_modules/websocket',
gyp info spawn args   '-Dnode_engine=v8',
gyp info spawn args   '--depth=.',
gyp info spawn args   '--no-parallel',
gyp info spawn args   '--generator-output',
gyp info spawn args   'build',
gyp info spawn args   '-Goutput_dir=.'
gyp info spawn args ]
No receipt for 'com.apple.pkg.CLTools_Executables' found at '/'.

No receipt for 'com.apple.pkg.DeveloperToolsCLILeo' found at '/'.

No receipt for 'com.apple.pkg.DeveloperToolsCLI' found at '/'.

Traceback (most recent call last):
  File "/Users/mehmetsorkulu/.npm-global/lib/node_modules/npm/node_modules/node-gyp/gyp/pylib/gyp/xcode_emulation.py", line 1502, in XcodeVersion
    version_list = GetStdoutQuiet(["xcodebuild", "-version"]).splitlines()
  File "/Users/mehmetsorkulu/.npm-global/lib/node_modules/npm/node_modules/node-gyp/gyp/pylib/gyp/xcode_emulation.py", line 1563, in GetStdoutQuiet
    raise GypError("Error %d running %s" % (job.returncode, cmdlist[0]))
gyp.common.GypError: Error 1 running xcodebuild

During handling of the above exception, another exception occurred:

Traceback (most recent call last):
  File "/Users/mehmetsorkulu/.npm-global/lib/node_modules/npm/node_modules/node-gyp/gyp/gyp_main.py", line 45, in <module>
    sys.exit(gyp.script_main())
  File "/Users/mehmetsorkulu/.npm-global/lib/node_modules/npm/node_modules/node-gyp/gyp/pylib/gyp/__init__.py", line 686, in script_main
    return main(sys.argv[1:])
  File "/Users/mehmetsorkulu/.npm-global/lib/node_modules/npm/node_modules/node-gyp/gyp/pylib/gyp/__init__.py", line 678, in main
    return gyp_main(args)
  File "/Users/mehmetsorkulu/.npm-global/lib/node_modules/npm/node_modules/node-gyp/gyp/pylib/gyp/__init__.py", line 663, in gyp_main
    generator.GenerateOutput(flat_list, targets, data, params)
  File "/Users/mehmetsorkulu/.npm-global/lib/node_modules/npm/node_modules/node-gyp/gyp/pylib/gyp/generator/make.py", line 2654, in GenerateOutput
    writer.Write(
  File "/Users/mehmetsorkulu/.npm-global/lib/node_modules/npm/node_modules/node-gyp/gyp/pylib/gyp/generator/make.py", line 915, in Write
    self.WriteSources(
  File "/Users/mehmetsorkulu/.npm-global/lib/node_modules/npm/node_modules/node-gyp/gyp/pylib/gyp/generator/make.py", line 1398, in WriteSources
    cflags = self.xcode_settings.GetCflags(
  File "/Users/mehmetsorkulu/.npm-global/lib/node_modules/npm/node_modules/node-gyp/gyp/pylib/gyp/xcode_emulation.py", line 662, in GetCflags
    archs = self.GetActiveArchs(self.configname)
  File "/Users/mehmetsorkulu/.npm-global/lib/node_modules/npm/node_modules/node-gyp/gyp/pylib/gyp/xcode_emulation.py", line 512, in GetActiveArchs
    xcode_archs_default = GetXcodeArchsDefault()
  File "/Users/mehmetsorkulu/.npm-global/lib/node_modules/npm/node_modules/node-gyp/gyp/pylib/gyp/xcode_emulation.py", line 119, in GetXcodeArchsDefault
    xcode_version, _ = XcodeVersion()
  File "/Users/mehmetsorkulu/.npm-global/lib/node_modules/npm/node_modules/node-gyp/gyp/pylib/gyp/xcode_emulation.py", line 1513, in XcodeVersion
    version = CLTVersion()  # macOS Catalina returns 11.0.0.0.1.1567737322
  File "/Users/mehmetsorkulu/.npm-global/lib/node_modules/npm/node_modules/node-gyp/gyp/pylib/gyp/xcode_emulation.py", line 1551, in CLTVersion
    return re.search(regex, output).groupdict()["version"]
AttributeError: 'NoneType' object has no attribute 'groupdict'
gyp ERR! configure error 
gyp ERR! stack Error: `gyp` failed with exit code: 1
gyp ERR! stack     at ChildProcess.onCpExit (/Users/mehmetsorkulu/.npm-global/lib/node_modules/npm/node_modules/node-gyp/lib/configure.js:325:16)
gyp ERR! stack     at ChildProcess.emit (node:events:513:28)
gyp ERR! stack     at ChildProcess._handle.onexit (node:internal/child_process:291:12)
gyp ERR! System Darwin 22.6.0
gyp ERR! command "/usr/local/bin/node" "/Users/mehmetsorkulu/.npm-global/lib/node_modules/npm/node_modules/node-gyp/bin/node-gyp.js" "rebuild"
gyp ERR! cwd /Users/mehmetsorkulu/Desktop/BLOCKCHAIN-WEB3/DEVELOPER/Blockchain Wallet/eth_wallet/node_modules/websocket
gyp ERR! node -v v18.16.0
gyp ERR! node-gyp -v v9.3.1
gyp ERR! not ok 
